<?xml version="1.0" encoding="UTF-8"?>
<!-- Generated by org.testng.reporters.JUnitXMLReporter -->
<testsuite ignored="0" hostname="DESKTOP-6MQ2F4A" failures="0" tests="4" name="Test" time="0.032" errors="0" timestamp="2021-01-01T22:08:17 AEDT">
  <testcase classname="qaclickacademy.mavenjava.SeleniumTest" name="userLogin" time="0.003"/>
  <testcase classname="qaclickacademy.mavenjava.SeleniumTest" name="userLogout" time="0.001"/>
  <testcase classname="qaclickacademy.mavenjava.AppiumTest" name="appLogin" time="0.001"/>
  <testcase classname="qaclickacademy.mavenjava.AppiumTest" name="appLogout" time="0.0"/>
</testsuite> <!-- Test -->
