<?xml version="1.0" encoding="UTF-8"?>
<testng-results ignored="0" total="4" passed="4" failed="0" skipped="0">
  <reporter-output>
  </reporter-output>
  <suite started-at="2021-01-01T22:08:17 AEDT" name="Suite" finished-at="2021-01-01T22:08:17 AEDT" duration-ms="32">
    <groups>
    </groups>
    <test started-at="2021-01-01T22:08:17 AEDT" name="Test" finished-at="2021-01-01T22:08:17 AEDT" duration-ms="32">
      <class name="qaclickacademy.mavenjava.SeleniumTest">
        <test-method signature="userLogin()[pri:0, instance:qaclickacademy.mavenjava.SeleniumTest@1a84f40f]" started-at="2021-01-01T22:08:17 AEDT" name="userLogin" finished-at="2021-01-01T22:08:17 AEDT" duration-ms="3" status="PASS">
          <reporter-output>
          </reporter-output>
        </test-method> <!-- userLogin -->
        <test-method signature="userLogout()[pri:0, instance:qaclickacademy.mavenjava.SeleniumTest@1a84f40f]" started-at="2021-01-01T22:08:17 AEDT" name="userLogout" finished-at="2021-01-01T22:08:17 AEDT" duration-ms="1" status="PASS">
          <reporter-output>
          </reporter-output>
        </test-method> <!-- userLogout -->
      </class> <!-- qaclickacademy.mavenjava.SeleniumTest -->
      <class name="qaclickacademy.mavenjava.AppiumTest">
        <test-method signature="appLogin()[pri:0, instance:qaclickacademy.mavenjava.AppiumTest@23282c25]" started-at="2021-01-01T22:08:17 AEDT" name="appLogin" finished-at="2021-01-01T22:08:17 AEDT" duration-ms="1" status="PASS">
          <reporter-output>
          </reporter-output>
        </test-method> <!-- appLogin -->
        <test-method signature="appLogout()[pri:0, instance:qaclickacademy.mavenjava.AppiumTest@23282c25]" started-at="2021-01-01T22:08:17 AEDT" name="appLogout" finished-at="2021-01-01T22:08:17 AEDT" duration-ms="0" status="PASS">
          <reporter-output>
          </reporter-output>
        </test-method> <!-- appLogout -->
      </class> <!-- qaclickacademy.mavenjava.AppiumTest -->
    </test> <!-- Test -->
  </suite> <!-- Suite -->
</testng-results>
