<?xml version="1.0" encoding="UTF-8"?>
<testsuite xmlns:xsi="http://www.w3.org/2001/XMLSchema-instance" xsi:noNamespaceSchemaLocation="https://maven.apache.org/surefire/maven-surefire-plugin/xsd/surefire-test-report-3.0.xsd" version="3.0" name="qaclickacademy.mavenjava.AppiumTest" time="0.803" tests="2" errors="0" skipped="0" failures="0">
  <properties>
[...]
</properties>
  <testcase name="appLogin" classname="qaclickacademy.mavenjava.AppiumTest" time="0.01">
    <system-out><![CDATA[App login is success
]]></system-out>
  </testcase>
  <testcase name="appLogout" classname="qaclickacademy.mavenjava.AppiumTest" time="0.002">
    <system-out><![CDATA[App logout is success
]]></system-out>
  </testcase>
</testsuite>